Build started 21/04/2018 05:30:38 م.
     1>Project "C:\Users\mashr\Desktop\Project3\Project3\Project3.vcxproj" on node 2 (Build target(s)).
     1>ClCompile:
         C:\Program Files (x86)\Microsoft Visual Studio 11.0\VC\bin\CL.exe /c /AI"C:\Program Files (x86)\Reference Assemblies\Microsoft\Framework\.NETFramework\v4.5\\" /AI"C:\Program Files (x86)\Windows Kits\8.0\References\CommonConfiguration\Neutral" /AI"C:\Program Files (x86)\Reference Assemblies\Microsoft\Framework\.NETFramework\v4.5\Facades\\" /Zi /clr /nologo /W3 /WX- /Od /Oy- /D WIN32 /D _DEBUG /D _UNICODE /D UNICODE /EHa /MDd /GS /fp:precise /Zc:wchar_t /Zc:forScope /Fo"Debug\\" /Fd"Debug\vc110.pdb" /TP /FUC:\Users\mashr\Desktop\Project3\Debug\Bunifu_UI_v1.52.dll /FU"C:\Program Files (x86)\Reference Assemblies\Microsoft\Framework\.NETFramework\v4.5\Microsoft.VisualBasic.dll" /FU"C:\Program Files (x86)\Reference Assemblies\Microsoft\VBPowerPacks\v10.0\Microsoft.VisualBasic.PowerPacks.Vs.dll" /FU"C:\Program Files (x86)\Reference Assemblies\Microsoft\Framework\.NETFramework\v4.5\mscorlib.dll" /FU"C:\Program Files (x86)\Reference Assemblies\Microsoft\Framework\.NETFramework\v4.5\System.Core.dll" /FU"C:\Program Files (x86)\Reference Assemblies\Microsoft\Framework\.NETFramework\v4.5\System.Data.dll" /FU"C:\Program Files (x86)\Reference Assemblies\Microsoft\Framework\.NETFramework\v4.5\System.dll" /FU"C:\Program Files (x86)\Reference Assemblies\Microsoft\Framework\.NETFramework\v4.5\System.Drawing.dll" /FU"C:\Program Files (x86)\Reference Assemblies\Microsoft\Framework\.NETFramework\v4.5\System.Management.dll" /FU"C:\Program Files (x86)\Reference Assemblies\Microsoft\Framework\.NETFramework\v4.5\System.Windows.Forms.dll" /FU"C:\Program Files (x86)\Reference Assemblies\Microsoft\Framework\.NETFramework\v4.5\System.Xml.dll" /analyze- /errorReport:prompt /clr:nostdlib Login.cpp MyForm3.cpp Register.cpp alllministeries.cpp ministry_of_interior.cpp
         Login.cpp
     1>Login.cpp(12): warning C4829: Possibly incorrect parameters to function main. Consider 'int main(Platform::Array<Platform::String^>^ argv)'
         MyForm3.cpp
         Register.cpp
         alllministeries.cpp
         ministry_of_interior.cpp
         Generating Code...
       Link:
         C:\Program Files (x86)\Microsoft Visual Studio 11.0\VC\bin\link.exe /ERRORREPORT:PROMPT /OUT:"C:\Users\mashr\Desktop\Project3\Debug\Project3.exe" /INCREMENTAL /NOLOGO kernel32.lib user32.lib gdi32.lib winspool.lib comdlg32.lib advapi32.lib shell32.lib ole32.lib oleaut32.lib uuid.lib odbc32.lib odbccp32.lib /ASSEMBLYRESOURCE:Debug\Project3.AdminProfile.resources /ASSEMBLYRESOURCE:Debug\Project3.Login.resources /ASSEMBLYRESOURCE:Debug\Project3.MyForm.resources /ASSEMBLYRESOURCE:Debug\Project3.MyForm2.resources /ASSEMBLYRESOURCE:Debug\Project3.MyForm3.resources /ASSEMBLYRESOURCE:Debug\Project3.MyForm4.resources /ASSEMBLYRESOURCE:Debug\Project3.Register.resources /MANIFEST /MANIFESTUAC:"level='asInvoker' uiAccess='false'" /manifest:embed /DEBUG /PDB:"C:\Users\mashr\Desktop\Project3\Debug\Project3.pdb" /ASSEMBLYDEBUG /SUBSYSTEM:WINDOWS /TLBID:1 /ENTRY:"main" /DYNAMICBASE /FIXED:NO /NXCOMPAT /MACHINE:X86 Debug\Project3.res
         Debug\admin.obj
         Debug\AdminProfile.obj
         Debug\alllministeries.obj
         Debug\citizen.obj
         Debug\department.obj
         Debug\departments.obj
         Debug\Dummy.obj
         Debug\employee.obj
         Debug\factory_dep.obj
         Debug\factory_ministery.obj
         Debug\Files.obj
         Debug\Login.obj
         Debug\minister.obj
         Debug\ministry.obj
         Debug\ministry_of_education.obj
         Debug\ministry_of_electricity.obj
         Debug\ministry_of_finance.obj
         Debug\ministry_of_health_and_population.obj
         Debug\ministry_of_interior.obj
         Debug\ministry_of_tourism.obj
         Debug\ministry_of_transportation.obj
         Debug\MyForm.obj
         Debug\MyForm2.obj
         Debug\MyForm3.obj
         Debug\MyForm4.obj
         Debug\newws.obj
         Debug\person.obj
         Debug\Register.obj
         "Debug\.NETFramework,Version=v4.5.AssemblyAttributes.obj"
         Project3.vcxproj -> C:\Users\mashr\Desktop\Project3\Debug\Project3.exe
     1>Done Building Project "C:\Users\mashr\Desktop\Project3\Project3\Project3.vcxproj" (Build target(s)).

Build succeeded.

Time Elapsed 00:00:10.21
